<?xml version="1.0" encoding="UTF-8"?>
<!-- Generated by org.testng.reporters.JUnitReportReporter -->
<testsuite hostname="LAPTOP-E1QE7JE5" failures="0" tests="1" name="TestCases.SearchPageTest" time="11.744" errors="0" timestamp="2023-09-13T18:37:34 IST" skipped="0">
  <testcase classname="TestCases.SearchPageTest" name="searchYoutubeTest" time="11.744"/>
</testsuite> <!-- TestCases.SearchPageTest -->
